Previous logs can be found at "/media/backup/minecraft/archives/logs/BetaworldRC2"
2014-03-02 05:00:14 [INFO] CONSOLE: Disabled level saving..[m
2014-03-02 05:00:15 [INFO] CONSOLE: Forcing save..[m
2014-03-02 05:00:15 [INFO] CONSOLE: Save complete.[m
2014-03-02 05:00:25 [INFO] CONSOLE: Enabled level saving..[m
2014-03-02 05:02:15 [INFO] [0;35;1m[Server[0;35;1m] Backing up world.[m
2014-03-02 05:02:15 [INFO] CONSOLE: Disabled level saving..[m
2014-03-02 05:02:16 [INFO] CONSOLE: Forcing save..[m
2014-03-02 05:02:16 [INFO] CONSOLE: Save complete.[m
2014-03-02 05:02:26 [INFO] CONSOLE: Enabled level saving..[m
2014-03-02 05:02:27 [INFO] [0;35;1m[Server[0;35;1m] Backup complete.[m
2014-03-02 05:30:14 [INFO] CONSOLE: Disabled level saving..[m
2014-03-02 05:30:15 [INFO] CONSOLE: Forcing save..[m
2014-03-02 05:30:15 [INFO] CONSOLE: Save complete.[m
2014-03-02 05:30:25 [INFO] CONSOLE: Enabled level saving..[m
2014-03-02 06:00:14 [INFO] CONSOLE: Disabled level saving..[m
2014-03-02 06:00:15 [INFO] CONSOLE: Forcing save..[m
2014-03-02 06:00:15 [INFO] CONSOLE: Save complete.[m
2014-03-02 06:00:25 [INFO] CONSOLE: Enabled level saving..[m
2014-03-02 06:30:14 [INFO] CONSOLE: Disabled level saving..[m
2014-03-02 06:30:15 [INFO] CONSOLE: Forcing save..[m
2014-03-02 06:30:15 [INFO] CONSOLE: Save complete.[m
2014-03-02 06:30:25 [INFO] CONSOLE: Enabled level saving..[m
2014-03-02 07:00:15 [INFO] CONSOLE: Disabled level saving..[m
2014-03-02 07:00:16 [INFO] CONSOLE: Forcing save..[m
2014-03-02 07:00:16 [INFO] CONSOLE: Save complete.[m
2014-03-02 07:00:26 [INFO] CONSOLE: Enabled level saving..[m
2014-03-02 07:30:14 [INFO] CONSOLE: Disabled level saving..[m
2014-03-02 07:30:15 [INFO] CONSOLE: Forcing save..[m
2014-03-02 07:30:15 [INFO] CONSOLE: Save complete.[m
2014-03-02 07:30:25 [INFO] CONSOLE: Enabled level saving..[m
2014-03-02 08:00:14 [INFO] CONSOLE: Disabled level saving..[m
2014-03-02 08:00:15 [INFO] CONSOLE: Forcing save..[m
2014-03-02 08:00:15 [INFO] CONSOLE: Save complete.[m
2014-03-02 08:00:25 [INFO] CONSOLE: Enabled level saving..[m
2014-03-02 08:30:13 [INFO] CONSOLE: Disabled level saving..[m
2014-03-02 08:30:15 [INFO] CONSOLE: Forcing save..[m
2014-03-02 08:30:15 [INFO] CONSOLE: Save complete.[m
2014-03-02 08:30:25 [INFO] CONSOLE: Enabled level saving..[m
2014-03-02 09:00:13 [INFO] CONSOLE: Disabled level saving..[m
2014-03-02 09:00:14 [INFO] CONSOLE: Forcing save..[m
2014-03-02 09:00:14 [INFO] CONSOLE: Save complete.[m
2014-03-02 09:00:24 [INFO] CONSOLE: Enabled level saving..[m
2014-03-02 09:30:13 [INFO] CONSOLE: Disabled level saving..[m
2014-03-02 09:30:14 [INFO] CONSOLE: Forcing save..[m
2014-03-02 09:30:14 [INFO] CONSOLE: Save complete.[m
2014-03-02 09:30:24 [INFO] CONSOLE: Enabled level saving..[m
2014-03-02 10:00:14 [INFO] CONSOLE: Disabled level saving..[m
2014-03-02 10:00:15 [INFO] CONSOLE: Forcing save..[m
2014-03-02 10:00:15 [INFO] CONSOLE: Save complete.[m
2014-03-02 10:00:25 [INFO] CONSOLE: Enabled level saving..[m
2014-03-02 10:07:45 [INFO] Makenshi6905 [/69.204.196.98:50449] lost connection
2014-03-02 10:15:05 [INFO] Makenshi6905[/69.204.196.98:50632] logged in with entity id 1489386 at ([BetaworldRC2] 118.20686698931199, 66.0, 181.11638828174216)
2014-03-02 10:15:05 [INFO] [WorldBorder] Teleport cause: UNKNOWN
2014-03-02 10:15:28 [INFO] [WorldBorder] Teleport cause: UNKNOWN
2014-03-02 10:30:14 [INFO] CONSOLE: Disabled level saving..[m
2014-03-02 10:30:15 [INFO] CONSOLE: Forcing save..[m
2014-03-02 10:30:15 [INFO] CONSOLE: Save complete.[m
2014-03-02 10:30:25 [INFO] CONSOLE: Enabled level saving..[m
2014-03-02 10:33:14 [INFO] Connection reset
2014-03-02 10:33:14 [INFO] Makenshi6905 lost connection: disconnect.endOfStream
2014-03-02 10:33:14 [INFO] §eMakenshi6905 left the game.
2014-03-02 11:00:14 [INFO] CONSOLE: Disabled level saving..[m
2014-03-02 11:00:15 [INFO] CONSOLE: Forcing save..[m
2014-03-02 11:00:15 [INFO] CONSOLE: Save complete.[m
2014-03-02 11:00:25 [INFO] CONSOLE: Enabled level saving..[m
2014-03-02 11:30:13 [INFO] CONSOLE: Disabled level saving..[m
2014-03-02 11:30:15 [INFO] CONSOLE: Forcing save..[m
2014-03-02 11:30:15 [INFO] CONSOLE: Save complete.[m
2014-03-02 11:30:25 [INFO] CONSOLE: Enabled level saving..[m
2014-03-02 12:00:13 [INFO] CONSOLE: Disabled level saving..[m
2014-03-02 12:00:14 [INFO] CONSOLE: Forcing save..[m
2014-03-02 12:00:15 [INFO] CONSOLE: Save complete.[m
2014-03-02 12:00:25 [INFO] CONSOLE: Enabled level saving..[m
2014-03-02 12:30:13 [INFO] CONSOLE: Disabled level saving..[m
2014-03-02 12:30:14 [INFO] CONSOLE: Forcing save..[m
2014-03-02 12:30:14 [INFO] CONSOLE: Save complete.[m
2014-03-02 12:30:24 [INFO] CONSOLE: Enabled level saving..[m
2014-03-02 13:00:14 [INFO] CONSOLE: Disabled level saving..[m
2014-03-02 13:00:15 [INFO] CONSOLE: Forcing save..[m
2014-03-02 13:00:15 [INFO] CONSOLE: Save complete.[m
2014-03-02 13:00:25 [INFO] CONSOLE: Enabled level saving..[m
2014-03-02 13:30:14 [INFO] CONSOLE: Disabled level saving..[m
2014-03-02 13:30:15 [INFO] CONSOLE: Forcing save..[m
2014-03-02 13:30:15 [INFO] CONSOLE: Save complete.[m
2014-03-02 13:30:25 [INFO] CONSOLE: Enabled level saving..[m
2014-03-02 14:00:14 [INFO] CONSOLE: Disabled level saving..[m
2014-03-02 14:00:15 [INFO] CONSOLE: Forcing save..[m
2014-03-02 14:00:15 [INFO] CONSOLE: Save complete.[m
2014-03-02 14:00:25 [INFO] CONSOLE: Enabled level saving..[m
2014-03-02 14:19:34 [INFO] Makenshi6905[/69.204.196.98:51444] logged in with entity id 1497668 at ([BetaworldRC2] 117.28850357917229, 66.0, 176.56895984038988)
2014-03-02 14:19:34 [INFO] [WorldBorder] Teleport cause: UNKNOWN
2014-03-02 14:19:54 [INFO] [WorldBorder] Teleport cause: UNKNOWN
2014-03-02 14:20:51 [INFO] [WorldBorder] Teleport cause: UNKNOWN
2014-03-02 14:20:56 [INFO] [WorldBorder] Teleport cause: UNKNOWN
2014-03-02 14:30:14 [INFO] CONSOLE: Disabled level saving..[m
2014-03-02 14:30:15 [INFO] CONSOLE: Forcing save..[m
2014-03-02 14:30:15 [INFO] CONSOLE: Save complete.[m
2014-03-02 14:30:25 [INFO] CONSOLE: Enabled level saving..[m
2014-03-02 14:38:22 [INFO] <[0;32;1m[21m[m[0;32;1m[0;37;1m[0;32;1mJudge ~Weisses[m> I love your place...[m
2014-03-02 14:38:52 [INFO] <[0;32;1m[21m[m[0;32;1m[0;37;1m[0;32;1mJudge ~Weisses[m> and here i am in a cave ;)[m
2014-03-02 14:39:57 [INFO] <[0;32;1m[21m[m[0;32;1m[0;37;1m[0;32;1mJudge ~Weisses[m> i am feeling the same way.  though, i am thinking we should team up[m
2014-03-02 14:40:39 [INFO] <[0;32;1m[21m[m[0;32;1m[0;37;1m[0;32;1mJudge ~Weisses[m> have a grand home, work together on getting our foot in the door once we go live[m
2014-03-02 14:40:42 [INFO] <[0;32;1m[21m[m[0;32;1m[0;37;1m[0;32;1mJudge ~Weisses[m> sweet[m
2014-03-02 14:40:51 [INFO] <[0;32;1m[21m[m[0;32;1m[0;37;1m[0;32;1mJudge ~Weisses[m> I got the magic stuff down[m
2014-03-02 14:41:59 [INFO] <[0;32;1m[21m[m[0;32;1m[0;37;1m[0;32;1mJudge ~Weisses[m> that would be awesome if you could[m
2014-03-02 14:44:11 [INFO] <[0;32;1m[21m[m[0;32;1m[0;37;1m[0;32;1mJudge ~Weisses[m> lifesteal, that is unique[m
2014-03-02 14:45:48 [INFO] <[0;32;1m[21m[m[0;32;1m[0;37;1m[0;32;1mJudge ~Weisses[m> If we get all of the boys together, you think we could take one?[m
2014-03-02 14:47:29 [INFO] <[0;32;1m[21m[m[0;32;1m[0;37;1m[0;32;1mJudge ~Weisses[m> nice!  I am going for a nice ice spell, projectile right now[m
2014-03-02 14:48:26 [INFO] <[0;32;1m[21m[m[0;32;1m[0;37;1m[0;32;1mJudge ~Weisses[m> ooo, nice[m
2014-03-02 14:48:51 [INFO] <[0;32;1m[21m[m[0;32;1m[0;37;1m[0;32;1mJudge ~Weisses[m> kk!  have a good one[m
2014-03-02 14:49:01 [INFO] <[0;32;1m[21m[m[0;32;1m[0;37;1m[0;32;1mJudge ~Weisses[m> sweet[m
2014-03-02 14:53:33 [INFO] <[0;32;1m[21m[m[0;32;1m[0;37;1m[0;32;1mJudge ~Weisses[m> ya, dangerous :)[m
2014-03-02 14:53:47 [INFO] <[0;32;1m[21m[m[0;32;1m[0;37;1m[0;32;1mJudge ~Weisses[m> haha, saw a werewold and got out[m
2014-03-02 14:53:54 [INFO] <[0;32;1m[21m[m[0;32;1m[0;37;1m[0;32;1mJudge ~Weisses[m> werewolf*[m
2014-03-02 14:53:56 [INFO] <[0;32;1m[21m[m[0;32;1m[0;37;1m[0;32;1mJudge ~Weisses[m> hah[m
2014-03-02 14:55:25 [INFO] <[0;32;1m[21m[m[0;32;1m[0;37;1m[0;32;1mJudge ~Weisses[m> i will when i get a spell in line, you have a nether portal yet?[m
2014-03-02 14:55:30 [INFO] [WorldBorder] Teleport cause: UNKNOWN
2014-03-02 14:55:35 [INFO] [WorldBorder] Teleport cause: UNKNOWN
2014-03-02 14:55:44 [INFO] <[0;32;1m[21m[m[0;32;1m[0;37;1m[0;32;1mJudge ~Weisses[m> awesome![m
2014-03-02 14:56:09 [INFO] <[0;32;1m[21m[m[0;32;1m[0;37;1m[0;32;1mJudge ~Weisses[m> sweet man[m
2014-03-02 14:56:48 [INFO] [WorldBorder] Teleport cause: UNKNOWN
2014-03-02 14:58:26 [INFO] [WorldBorder] Teleport cause: UNKNOWN
2014-03-02 14:58:27 [INFO] [WorldBorder] Teleport cause: UNKNOWN
2014-03-02 15:00:13 [INFO] CONSOLE: Disabled level saving..[m
2014-03-02 15:00:15 [INFO] CONSOLE: Forcing save..[m
2014-03-02 15:00:15 [INFO] CONSOLE: Save complete.[m
2014-03-02 15:00:25 [INFO] CONSOLE: Enabled level saving..[m
2014-03-02 15:01:53 [INFO] <[0;32;1m[21m[m[0;32;1m[0;37;1m[0;32;1mJudge ~Weisses[m> oo that is interesting for sure...[m
2014-03-02 15:02:06 [INFO] <[0;32;1m[21m[m[0;32;1m[0;37;1m[0;32;1mJudge ~Weisses[m> i think chimerite is better though[m
2014-03-02 15:02:21 [INFO] <[0;32;1m[21m[m[0;32;1m[0;37;1m[0;32;1mJudge ~Weisses[m> wait until you see what i make[m
2014-03-02 15:02:29 [INFO] <[0;32;1m[21m[m[0;32;1m[0;37;1m[0;32;1mJudge ~Weisses[m> should be done by the time you get home[m
2014-03-02 15:02:40 [INFO] <[0;32;1m[21m[m[0;32;1m[0;37;1m[0;32;1mJudge ~Weisses[m> you will take twisted pleasure in it.[m
2014-03-02 15:02:59 [INFO] <[0;32;1m[21m[m[0;32;1m[0;37;1m[0;32;1mJudge ~Weisses[m> i know Alucard would :)[m
2014-03-02 15:18:28 [INFO] [WorldBorder] Teleport cause: UNKNOWN
2014-03-02 15:18:37 [INFO] [WorldBorder] Teleport cause: UNKNOWN
2014-03-02 15:18:37 [INFO] [WorldBorder] Teleport cause: UNKNOWN
2014-03-02 15:21:16 [INFO] Makenshi6905 issued server command: /tp Makenshi6905 116 67 179
2014-03-02 15:21:16 [INFO] Makenshi6905 issued server command: /tppos 116 67 179
2014-03-02 15:21:16 [INFO] [WorldBorder] Teleport cause: COMMAND
2014-03-02 15:21:17 [INFO] [WorldBorder] Teleport cause: UNKNOWN
2014-03-02 15:21:17 [INFO] [WorldBorder] Teleport cause: UNKNOWN
2014-03-02 15:30:22 [INFO] CONSOLE: Disabled level saving..[m
2014-03-02 15:30:23 [INFO] CONSOLE: Forcing save..[m
2014-03-02 15:30:23 [INFO] CONSOLE: Save complete.[m
2014-03-02 15:30:33 [INFO] CONSOLE: Enabled level saving..[m
2014-03-02 15:35:13 [INFO] [WorldBorder] Teleport cause: UNKNOWN
2014-03-02 15:52:56 [INFO] [WorldBorder] Teleport cause: UNKNOWN
2014-03-02 15:53:01 [INFO] [WorldBorder] Teleport cause: UNKNOWN
2014-03-02 15:56:56 [INFO] [WorldBorder] Teleport cause: UNKNOWN
2014-03-02 15:57:14 [INFO] [WorldBorder] Teleport cause: UNKNOWN
2014-03-02 15:57:14 [INFO] [WorldBorder] Teleport cause: UNKNOWN
2014-03-02 16:00:14 [INFO] CONSOLE: Disabled level saving..[m
2014-03-02 16:00:15 [INFO] CONSOLE: Forcing save..[m
2014-03-02 16:00:15 [INFO] CONSOLE: Save complete.[m
2014-03-02 16:00:25 [INFO] CONSOLE: Enabled level saving..[m
2014-03-02 16:07:58 [INFO] [WorldBorder] Teleport cause: UNKNOWN
2014-03-02 16:08:03 [INFO] [WorldBorder] Teleport cause: UNKNOWN
2014-03-02 16:30:14 [INFO] CONSOLE: Disabled level saving..[m
2014-03-02 16:30:15 [INFO] CONSOLE: Forcing save..[m
2014-03-02 16:30:15 [INFO] CONSOLE: Save complete.[m
2014-03-02 16:30:25 [INFO] CONSOLE: Enabled level saving..[m
2014-03-02 16:33:09 [INFO] Connection reset
2014-03-02 16:33:09 [INFO] Makenshi6905 lost connection: disconnect.quitting
2014-03-02 16:33:09 [INFO] §eMakenshi6905 left the game.
2014-03-02 16:35:05 [INFO] Makenshi6905[/69.204.196.98:51659] logged in with entity id 1520645 at ([BetaworldRC2] 114.6999999880791, 66.0, 182.43729240484308)
2014-03-02 16:35:05 [INFO] [WorldBorder] Teleport cause: UNKNOWN
2014-03-02 16:38:00 [INFO] [WorldBorder] Teleport cause: UNKNOWN
2014-03-02 16:46:18 [INFO] [WorldBorder] Teleport cause: UNKNOWN
2014-03-02 16:46:23 [INFO] [WorldBorder] Teleport cause: UNKNOWN
2014-03-02 17:00:14 [INFO] CONSOLE: Disabled level saving..[m
2014-03-02 17:00:15 [INFO] CONSOLE: Forcing save..[m
2014-03-02 17:00:15 [INFO] CONSOLE: Save complete.[m
2014-03-02 17:00:25 [INFO] CONSOLE: Enabled level saving..[m
2014-03-02 17:04:37 [INFO] [WorldBorder] Teleport cause: UNKNOWN
2014-03-02 17:04:42 [INFO] [WorldBorder] Teleport cause: UNKNOWN
2014-03-02 17:04:42 [INFO] [WorldBorder] Teleport cause: UNKNOWN
2014-03-02 17:04:42 [INFO] [WorldBorder] Teleport cause: UNKNOWN
2014-03-02 17:13:12 [INFO] Makenshi6905 lost connection: disconnect.quitting
2014-03-02 17:13:12 [INFO] Connection reset
2014-03-02 17:13:12 [INFO] §eMakenshi6905 left the game.
2014-03-02 17:30:14 [INFO] CONSOLE: Disabled level saving..[m
2014-03-02 17:30:15 [INFO] CONSOLE: Forcing save..[m
2014-03-02 17:30:15 [INFO] CONSOLE: Save complete.[m
2014-03-02 17:30:25 [INFO] CONSOLE: Enabled level saving..[m
2014-03-02 18:00:13 [INFO] CONSOLE: Disabled level saving..[m
2014-03-02 18:00:14 [INFO] CONSOLE: Forcing save..[m
2014-03-02 18:00:15 [INFO] CONSOLE: Save complete.[m
2014-03-02 18:00:25 [INFO] CONSOLE: Enabled level saving..[m
2014-03-02 18:30:13 [INFO] CONSOLE: Disabled level saving..[m
2014-03-02 18:30:14 [INFO] CONSOLE: Forcing save..[m
2014-03-02 18:30:14 [INFO] CONSOLE: Save complete.[m
2014-03-02 18:30:24 [INFO] CONSOLE: Enabled level saving..[m
2014-03-02 19:00:13 [INFO] CONSOLE: Disabled level saving..[m
2014-03-02 19:00:14 [INFO] CONSOLE: Forcing save..[m
2014-03-02 19:00:14 [INFO] CONSOLE: Save complete.[m
2014-03-02 19:00:24 [INFO] CONSOLE: Enabled level saving..[m
2014-03-02 19:13:25 [INFO] Makenshi6905[/69.204.196.98:53235] logged in with entity id 1529026 at ([BetaworldRC2] 118.98482053815829, 66.0, 181.63979067287707)
2014-03-02 19:13:25 [INFO] [WorldBorder] Teleport cause: UNKNOWN
2014-03-02 19:13:34 [INFO] [WorldBorder] Teleport cause: UNKNOWN
2014-03-02 19:30:14 [INFO] CONSOLE: Disabled level saving..[m
2014-03-02 19:30:15 [INFO] CONSOLE: Forcing save..[m
2014-03-02 19:30:15 [INFO] CONSOLE: Save complete.[m
2014-03-02 19:30:25 [INFO] CONSOLE: Enabled level saving..[m
2014-03-02 19:36:37 [INFO] Connection reset
2014-03-02 19:36:37 [INFO] Makenshi6905 lost connection: disconnect.quitting
2014-03-02 19:36:37 [INFO] §eMakenshi6905 left the game.
2014-03-02 19:43:44 [INFO] Makenshi6905 [/69.204.196.98:53451] lost connection
2014-03-02 20:00:14 [INFO] CONSOLE: Disabled level saving..[m
2014-03-02 20:00:15 [INFO] CONSOLE: Forcing save..[m
2014-03-02 20:00:15 [INFO] CONSOLE: Save complete.[m
2014-03-02 20:00:25 [INFO] CONSOLE: Enabled level saving..[m
2014-03-02 20:30:14 [INFO] CONSOLE: Disabled level saving..[m
2014-03-02 20:30:15 [INFO] CONSOLE: Forcing save..[m
2014-03-02 20:30:15 [INFO] CONSOLE: Save complete.[m
2014-03-02 20:30:25 [INFO] CONSOLE: Enabled level saving..[m
2014-03-02 21:00:13 [INFO] CONSOLE: Disabled level saving..[m
2014-03-02 21:00:15 [INFO] CONSOLE: Forcing save..[m
2014-03-02 21:00:15 [INFO] CONSOLE: Save complete.[m
2014-03-02 21:00:25 [INFO] CONSOLE: Enabled level saving..[m
2014-03-02 21:30:13 [INFO] CONSOLE: Disabled level saving..[m
2014-03-02 21:30:14 [INFO] CONSOLE: Forcing save..[m
2014-03-02 21:30:14 [INFO] CONSOLE: Save complete.[m
2014-03-02 21:30:25 [INFO] CONSOLE: Enabled level saving..[m
2014-03-02 21:38:03 [INFO] [0;35;1m[Server[0;35;1m] SERVER SHUTTING DOWN IN 30 SECONDS![m
2014-03-02 21:38:33 [INFO] CONSOLE: Forcing save..[m
2014-03-02 21:38:33 [INFO] CONSOLE: Save complete.[m
2014-03-02 21:38:44 [INFO] CONSOLE: Stopping the server..[m
2014-03-02 21:38:44 [INFO] Stopping server
2014-03-02 21:38:44 [INFO] [Dynmap-Factions] Disabling Dynmap-Factions v0.71-26
2014-03-02 21:38:44 [INFO] [Factions] Disabling Factions v2.2.2
2014-03-02 21:38:44 [INFO] [0;36;22m[[0;36;1mFactions 2.2.2[0;36;22m] [0;33;1mDisabled[m
2014-03-02 21:38:44 [INFO] [EssentialsAntiBuild] Disabling EssentialsAntiBuild v2.12.2
2014-03-02 21:38:44 [INFO] [EssentialsChat] Disabling EssentialsChat v2.12.2
2014-03-02 21:38:44 [INFO] [EssentialsSpawn] Disabling EssentialsSpawn v2.12.2
2014-03-02 21:38:44 [INFO] [EssentialsProtect] Disabling EssentialsProtect v2.12.2
2014-03-02 21:38:44 [INFO] [WorldBorder] Disabling WorldBorder v1.7.6
2014-03-02 21:38:44 [INFO] [WorldBorder] [CONFIG] Border-checking timed task stopped.
2014-03-02 21:38:44 [INFO] [Essentials] Disabling Essentials v2.12.2
2014-03-02 21:38:44 [INFO] [Vault][Economy] Essentials Economy unhooked.
2014-03-02 21:38:44 [INFO] [dynmap] Disabling dynmap v1.9-38
2014-03-02 21:38:44 [INFO] [Vault] Disabling Vault v1.2.27-b349
2014-03-02 21:38:44 [INFO] [mcore] Disabling mcore v6.9.1
2014-03-02 21:38:44 [INFO] [0;36;22m[[0;36;1mmcore 6.9.1[0;36;22m] [0;33;1m[0;32;1mDeactivated [0;33;1mintegration with [0;35;1mVault[m
2014-03-02 21:38:44 [INFO] [0;36;22m[[0;36;1mmcore 6.9.1[0;36;22m] [0;33;1mDisabled[m
2014-03-02 21:38:44 [INFO] [SetMotd] Disabling SetMotd v0.2
2014-03-02 21:38:44 [INFO] [GroupManager] Disabling GroupManager v2.0 (2.12.1) (Phoenix)
2014-03-02 21:38:44 [INFO] GroupManager - INFO - Scheduled Data Saving is disabled!
2014-03-02 21:38:44 [INFO] GroupManager version 2.0 (2.12.1) (Phoenix) is disabled!
2014-03-02 21:38:44 [INFO] Saving players
2014-03-02 21:38:44 [INFO] Saving worlds
2014-03-02 21:38:44 [WARNING] DSCT: Socket closed
2014-03-02 21:38:44 [INFO] Closing listening thread
2014-03-02 21:38:44 [INFO] Saving chunks for level 'BetaworldRC2'/Overworld
2014-03-02 21:38:44 [INFO] Saving chunks for level 'DIM-17'/Wyvern Lair
2014-03-02 21:38:44 [INFO] Saving chunks for level 'DIM-31'/The Moo Moo Farm
2014-03-02 21:38:44 [INFO] Saving chunks for level 'DIM1'/The End
2014-03-02 21:38:44 [INFO] Saving chunks for level 'DIM-1'/Nether
2014-03-02 21:38:44 [INFO] Stopping server
